Using pre-set license
Built from '2020.2/staging' branch; Version is '2020.2.3f1 (8ff31bc5bf5b) revision 9433883'; Using compiler version '192528614'; Build Type 'Release'
OS: 'Windows 10 Home; OS build 19041.804; Version 2004; 64bit' Language: 'fr' Physical Memory: 16345 MB
BatchMode: 1, IsHumanControllingUs: 0, StartBugReporterOnCrash: 0, Is64bit: 1, IsPro: 0

 COMMAND LINE ARGUMENTS:
E:\Unity\2020.2.3f1\Editor\Unity.exe
-adb2
-batchMode
-noUpm
-name
AssetImportWorker0
-projectPath
D:/Unity/GIT_Unity/platformer/PlatformerAdventure
-logFile
Logs/AssetImportWorker0.log
-srvPort
52059
Successfully changed project path to: D:/Unity/GIT_Unity/platformer/PlatformerAdventure
D:/Unity/GIT_Unity/platformer/PlatformerAdventure
Using Asset Import Pipeline V2.
Refreshing native plugins compatible for Editor in 18.35 ms, found 0 plugins.
Preloading 0 native plugins for Editor in 0.00 ms.
Initialize engine version: 2020.2.3f1 (8ff31bc5bf5b)
[Subsystems] Discovering subsystems at path E:/Unity/2020.2.3f1/Editor/Data/Resources/UnitySubsystems
[Subsystems] Discovering subsystems at path D:/Unity/GIT_Unity/platformer/PlatformerAdventure/Assets
GfxDevice: creating device client; threaded=0
Direct3D:
    Version:  Direct3D 11.0 [level 11.1]
    Renderer: NVIDIA GeForce GTX 1070 (ID=0x1b81)
    Vendor:   
    VRAM:     8088 MB
    Driver:   27.21.14.6109
Initialize mono
Mono path[0] = 'E:/Unity/2020.2.3f1/Editor/Data/Managed'
Mono path[1] = 'E:/Unity/2020.2.3f1/Editor/Data/MonoBleedingEdge/lib/mono/unityjit'
Mono config path = 'E:/Unity/2020.2.3f1/Editor/Data/MonoBleedingEdge/etc'
Using monoOptions --debugger-agent=transport=dt_socket,embedding=1,server=y,suspend=n,address=127.0.0.1:56136
Begin MonoManager ReloadAssembly
Registering precompiled unity dll's ...
Register platform support module: E:/Unity/2020.2.3f1/Editor/Data/PlaybackEngines/WebGLSupport/UnityEditor.WebGL.Extensions.dll
Register platform support module: E:/Unity/2020.2.3f1/Editor/Data/PlaybackEngines/WindowsStandaloneSupport/UnityEditor.WindowsStandalone.Extensions.dll
Registered in 0.001166 seconds.
Native extension for WindowsStandalone target not found
Native extension for WebGL target not found
Refreshing native plugins compatible for Editor in 26.61 ms, found 0 plugins.
Preloading 0 native plugins for Editor in 0.00 ms.
Invoked RoslynAnalysisRunner static constructor.
RoslynAnalysisRunner will not be running.
RoslynAnalysisRunner has terminated.
Mono: successfully reloaded assembly
- Completed reload, in  0.738 seconds
Platform modules already initialized, skipping
Registering precompiled user dll's ...
Registered in 0.000566 seconds.
Begin MonoManager ReloadAssembly
Native extension for WindowsStandalone target not found
Native extension for WebGL target not found
Refreshing native plugins compatible for Editor in 0.16 ms, found 0 plugins.
Preloading 0 native plugins for Editor in 0.00 ms.
Invoked RoslynAnalysisRunner static constructor.
RoslynAnalysisRunner will not be running.
RoslynAnalysisRunner has terminated.
Mono: successfully reloaded assembly
- Completed reload, in  0.715 seconds
Platform modules already initialized, skipping
========================================================================
Worker process is ready to serve import requests
Launched and connected shader compiler UnityShaderCompiler.exe after 0.04 seconds
Refreshing native plugins compatible for Editor in 0.17 ms, found 0 plugins.
Preloading 0 native plugins for Editor in 0.00 ms.
Unloading 1099 Unused Serialized files (Serialized files now loaded: 0)
System memory in use before: 56.6 MB.
System memory in use after: 56.6 MB.

Unloading 10 unused Assets to reduce memory usage. Loaded Objects now: 1540.
Total: 2.241600 ms (FindLiveObjects: 0.205000 ms CreateObjectMapping: 0.064200 ms MarkObjects: 1.878400 ms  DeleteObjects: 0.092400 ms)

========================================================================
Received Import Request.
  path: Assets
  artifactKey: Guid(00000000000000001000000000000000) Importer(815301076,1909f56bfc062723c751e8b465ee728b)
Start importing Assets using Guid(00000000000000001000000000000000) Importer(815301076,1909f56bfc062723c751e8b465ee728b)  -> (artifact id: '653ce283d384579a24208b2e4d727c2a') in 0.008519 seconds
  Import took 0.020595 seconds .

========================================================================
Received Import Request.
  Time since last request: 8.943734 seconds.
  path: Assets/MT
  artifactKey: Guid(900105fd39818b742aeade383553b1d2) Importer(815301076,1909f56bfc062723c751e8b465ee728b)
Start importing Assets/MT using Guid(900105fd39818b742aeade383553b1d2) Importer(815301076,1909f56bfc062723c751e8b465ee728b)  -> (artifact id: '4ff526f3d4a1c86a825c80a821d91a5a') in 0.008500 seconds
  Import took 0.023036 seconds .

========================================================================
Received Import Request.
  Time since last request: 10.552828 seconds.
  path: Assets/MT/MT_Red.mat
  artifactKey: Guid(ad764c62f2ef12a4b811205065e408de) Importer(815301076,1909f56bfc062723c751e8b465ee728b)
Start importing Assets/MT/MT_Red.mat using Guid(ad764c62f2ef12a4b811205065e408de) Importer(815301076,1909f56bfc062723c751e8b465ee728b)  -> (artifact id: 'c1ba46af704cc78158e6224690909ec4') in 0.121475 seconds
  Import took 0.123021 seconds .

========================================================================
Received Import Request.
  Time since last request: 154.086289 seconds.
  path: Assets/Script
  artifactKey: Guid(299553cc90835c741acfc22c5491a760) Importer(815301076,1909f56bfc062723c751e8b465ee728b)
Start importing Assets/Script using Guid(299553cc90835c741acfc22c5491a760) Importer(815301076,1909f56bfc062723c751e8b465ee728b)  -> (artifact id: '4e136456d10fb944535fe3f6360cd0cd') in 0.006583 seconds
  Import took 0.008992 seconds .

========================================================================
Received Import Request.
  Time since last request: 5.537370 seconds.
  path: Assets/Script/Player
  artifactKey: Guid(72299b509c0ff1f4b8bf2cdbf95b862b) Importer(815301076,1909f56bfc062723c751e8b465ee728b)
Start importing Assets/Script/Player using Guid(72299b509c0ff1f4b8bf2cdbf95b862b) Importer(815301076,1909f56bfc062723c751e8b465ee728b)  -> (artifact id: '51af15a4d0e8b77056030cba4d39c061') in 0.005320 seconds
  Import took 0.007179 seconds .

========================================================================
Received Import Request.
  Time since last request: 8.889163 seconds.
  path: Assets/Script/Player/MovementPlayer.cs
  artifactKey: Guid(151be1b5f8273fa44b41b5d33688e716) Importer(815301076,1909f56bfc062723c751e8b465ee728b)
Start importing Assets/Script/Player/MovementPlayer.cs using Guid(151be1b5f8273fa44b41b5d33688e716) Importer(815301076,1909f56bfc062723c751e8b465ee728b)  -> (artifact id: 'a59eb0ceed9668f06a739b0fe3fa1fec') in 0.017302 seconds
  Import took 0.019351 seconds .

========================================================================
Received Prepare
Registering precompiled user dll's ...
Registered in 0.000552 seconds.
Begin MonoManager ReloadAssembly
Native extension for WindowsStandalone target not found
Native extension for WebGL target not found
Refreshing native plugins compatible for Editor in 0.18 ms, found 0 plugins.
Preloading 0 native plugins for Editor in 0.00 ms.
Invoked RoslynAnalysisRunner static constructor.
RoslynAnalysisRunner will not be running.
RoslynAnalysisRunner has terminated.
Mono: successfully reloaded assembly
- Completed reload, in  0.778 seconds
Platform modules already initialized, skipping
Refreshing native plugins compatible for Editor in 0.18 ms, found 0 plugins.
Preloading 0 native plugins for Editor in 0.00 ms.
Unloading 1095 Unused Serialized files (Serialized files now loaded: 0)
System memory in use before: 59.9 MB.
System memory in use after: 60.0 MB.

Unloading 5 unused Assets to reduce memory usage. Loaded Objects now: 1583.
Total: 1.446300 ms (FindLiveObjects: 0.207600 ms CreateObjectMapping: 0.053400 ms MarkObjects: 1.137400 ms  DeleteObjects: 0.046800 ms)

========================================================================
Received Prepare
Registering precompiled user dll's ...
Registered in 0.000799 seconds.
Begin MonoManager ReloadAssembly
Native extension for WindowsStandalone target not found
Native extension for WebGL target not found
Refreshing native plugins compatible for Editor in 0.25 ms, found 0 plugins.
Preloading 0 native plugins for Editor in 0.00 ms.
Invoked RoslynAnalysisRunner static constructor.
RoslynAnalysisRunner will not be running.
RoslynAnalysisRunner has terminated.
Mono: successfully reloaded assembly
- Completed reload, in  0.737 seconds
Platform modules already initialized, skipping
Refreshing native plugins compatible for Editor in 0.28 ms, found 0 plugins.
Preloading 0 native plugins for Editor in 0.00 ms.
Unloading 1095 Unused Serialized files (Serialized files now loaded: 0)
System memory in use before: 59.9 MB.
System memory in use after: 60.0 MB.

Unloading 5 unused Assets to reduce memory usage. Loaded Objects now: 1585.
Total: 2.209200 ms (FindLiveObjects: 0.168000 ms CreateObjectMapping: 0.091500 ms MarkObjects: 1.885900 ms  DeleteObjects: 0.062300 ms)

========================================================================
Received Import Request.
  Time since last request: 70.841362 seconds.
  path: Assets/Script/Player/MovementPlayer.cs
  artifactKey: Guid(151be1b5f8273fa44b41b5d33688e716) Importer(815301076,1909f56bfc062723c751e8b465ee728b)
Start importing Assets/Script/Player/MovementPlayer.cs using Guid(151be1b5f8273fa44b41b5d33688e716) Importer(815301076,1909f56bfc062723c751e8b465ee728b)  -> (artifact id: '387a5079f984fe6a8673f9d9756af5d3') in 0.009213 seconds
  Import took 0.010902 seconds .

========================================================================
Received Prepare
Registering precompiled user dll's ...
Registered in 0.000985 seconds.
Begin MonoManager ReloadAssembly
Native extension for WindowsStandalone target not found
Native extension for WebGL target not found
Refreshing native plugins compatible for Editor in 0.25 ms, found 0 plugins.
Preloading 0 native plugins for Editor in 0.00 ms.
Invoked RoslynAnalysisRunner static constructor.
RoslynAnalysisRunner will not be running.
RoslynAnalysisRunner has terminated.
Mono: successfully reloaded assembly
- Completed reload, in  0.769 seconds
Platform modules already initialized, skipping
Refreshing native plugins compatible for Editor in 0.26 ms, found 0 plugins.
Preloading 0 native plugins for Editor in 0.00 ms.
Unloading 1095 Unused Serialized files (Serialized files now loaded: 0)
System memory in use before: 59.9 MB.
System memory in use after: 60.0 MB.

Unloading 5 unused Assets to reduce memory usage. Loaded Objects now: 1587.
Total: 1.506700 ms (FindLiveObjects: 0.185400 ms CreateObjectMapping: 0.051000 ms MarkObjects: 1.214600 ms  DeleteObjects: 0.054700 ms)

AssetImportWorkerClient::OnTransportError - code=2 error=End of file
