Using pre-set license
Built from '2020.2/staging' branch; Version is '2020.2.3f1 (8ff31bc5bf5b) revision 9433883'; Using compiler version '192528614'; Build Type 'Release'
OS: 'Windows 10 Home; OS build 19041.804; Version 2004; 64bit' Language: 'fr' Physical Memory: 16345 MB
BatchMode: 1, IsHumanControllingUs: 0, StartBugReporterOnCrash: 0, Is64bit: 1, IsPro: 0

 COMMAND LINE ARGUMENTS:
E:\Unity\2020.2.3f1\Editor\Unity.exe
-adb2
-batchMode
-noUpm
-name
AssetImportWorker0
-projectPath
D:/Unity/GIT_Unity/platformer/PlatformerAdventure
-logFile
Logs/AssetImportWorker0.log
-srvPort
52283
Successfully changed project path to: D:/Unity/GIT_Unity/platformer/PlatformerAdventure
D:/Unity/GIT_Unity/platformer/PlatformerAdventure
Using Asset Import Pipeline V2.
Refreshing native plugins compatible for Editor in 25.03 ms, found 0 plugins.
Preloading 0 native plugins for Editor in 0.00 ms.
Initialize engine version: 2020.2.3f1 (8ff31bc5bf5b)
[Subsystems] Discovering subsystems at path E:/Unity/2020.2.3f1/Editor/Data/Resources/UnitySubsystems
[Subsystems] Discovering subsystems at path D:/Unity/GIT_Unity/platformer/PlatformerAdventure/Assets
GfxDevice: creating device client; threaded=0
Direct3D:
    Version:  Direct3D 11.0 [level 11.1]
    Renderer: NVIDIA GeForce GTX 1070 (ID=0x1b81)
    Vendor:   
    VRAM:     8088 MB
    Driver:   27.21.14.6109
Initialize mono
Mono path[0] = 'E:/Unity/2020.2.3f1/Editor/Data/Managed'
Mono path[1] = 'E:/Unity/2020.2.3f1/Editor/Data/MonoBleedingEdge/lib/mono/unityjit'
Mono config path = 'E:/Unity/2020.2.3f1/Editor/Data/MonoBleedingEdge/etc'
Using monoOptions --debugger-agent=transport=dt_socket,embedding=1,server=y,suspend=n,address=127.0.0.1:56992
Begin MonoManager ReloadAssembly
Registering precompiled unity dll's ...
Register platform support module: E:/Unity/2020.2.3f1/Editor/Data/PlaybackEngines/WebGLSupport/UnityEditor.WebGL.Extensions.dll
Register platform support module: E:/Unity/2020.2.3f1/Editor/Data/PlaybackEngines/WindowsStandaloneSupport/UnityEditor.WindowsStandalone.Extensions.dll
Registered in 0.001138 seconds.
Native extension for WindowsStandalone target not found
Native extension for WebGL target not found
Refreshing native plugins compatible for Editor in 18.57 ms, found 0 plugins.
Preloading 0 native plugins for Editor in 0.00 ms.
Invoked RoslynAnalysisRunner static constructor.
RoslynAnalysisRunner will not be running.
RoslynAnalysisRunner has terminated.
Mono: successfully reloaded assembly
- Completed reload, in  0.720 seconds
Platform modules already initialized, skipping
Registering precompiled user dll's ...
Registered in 0.000531 seconds.
Begin MonoManager ReloadAssembly
Native extension for WindowsStandalone target not found
Native extension for WebGL target not found
Refreshing native plugins compatible for Editor in 0.15 ms, found 0 plugins.
Preloading 0 native plugins for Editor in 0.00 ms.
Invoked RoslynAnalysisRunner static constructor.
RoslynAnalysisRunner will not be running.
RoslynAnalysisRunner has terminated.
Mono: successfully reloaded assembly
- Completed reload, in  0.637 seconds
Platform modules already initialized, skipping
========================================================================
Worker process is ready to serve import requests
Launched and connected shader compiler UnityShaderCompiler.exe after 0.03 seconds
Refreshing native plugins compatible for Editor in 0.18 ms, found 0 plugins.
Preloading 0 native plugins for Editor in 0.00 ms.
Unloading 1100 Unused Serialized files (Serialized files now loaded: 0)
System memory in use before: 56.6 MB.
System memory in use after: 56.6 MB.

Unloading 10 unused Assets to reduce memory usage. Loaded Objects now: 1541.
Total: 1.431900 ms (FindLiveObjects: 0.199800 ms CreateObjectMapping: 0.071800 ms MarkObjects: 1.093500 ms  DeleteObjects: 0.065700 ms)

========================================================================
Received Import Request.
  path: Assets/MT/MT_Red.mat
  artifactKey: Guid(ad764c62f2ef12a4b811205065e408de) Importer(815301076,1909f56bfc062723c751e8b465ee728b)
Start importing Assets/MT/MT_Red.mat using Guid(ad764c62f2ef12a4b811205065e408de) Importer(815301076,1909f56bfc062723c751e8b465ee728b)  -> (artifact id: '1f6718cb29c1c3b9ed4840c2965df2bf') in 0.091204 seconds
  Import took 0.093061 seconds .

========================================================================
Received Import Request.
  Time since last request: 20.977243 seconds.
  path: Assets/MT/MT_Green.mat
  artifactKey: Guid(86148a275c28f0e4dae63229e68972da) Importer(815301076,1909f56bfc062723c751e8b465ee728b)
Start importing Assets/MT/MT_Green.mat using Guid(86148a275c28f0e4dae63229e68972da) Importer(815301076,1909f56bfc062723c751e8b465ee728b)  -> (artifact id: '42350269b64d990fb74dad1f6de569b0') in 0.017015 seconds
  Import took 0.019297 seconds .

========================================================================
Received Prepare
Registering precompiled user dll's ...
Registered in 0.000777 seconds.
Begin MonoManager ReloadAssembly
Native extension for WindowsStandalone target not found
Native extension for WebGL target not found
Refreshing native plugins compatible for Editor in 0.17 ms, found 0 plugins.
Preloading 0 native plugins for Editor in 0.00 ms.
Invoked RoslynAnalysisRunner static constructor.
RoslynAnalysisRunner will not be running.
RoslynAnalysisRunner has terminated.
Mono: successfully reloaded assembly
- Completed reload, in  0.691 seconds
Platform modules already initialized, skipping
Refreshing native plugins compatible for Editor in 0.17 ms, found 0 plugins.
Preloading 0 native plugins for Editor in 0.00 ms.
Unloading 1095 Unused Serialized files (Serialized files now loaded: 0)
System memory in use before: 59.8 MB.
System memory in use after: 59.9 MB.

Unloading 5 unused Assets to reduce memory usage. Loaded Objects now: 1583.
Total: 1.575700 ms (FindLiveObjects: 0.144000 ms CreateObjectMapping: 0.047900 ms MarkObjects: 1.332700 ms  DeleteObjects: 0.050100 ms)

========================================================================
Received Import Request.
  Time since last request: 58.788789 seconds.
  path: Assets/Scripts
  artifactKey: Guid(299553cc90835c741acfc22c5491a760) Importer(815301076,1909f56bfc062723c751e8b465ee728b)
Start importing Assets/Scripts using Guid(299553cc90835c741acfc22c5491a760) Importer(815301076,1909f56bfc062723c751e8b465ee728b)  -> (artifact id: 'ff4ff51ac54c4d8e881230b1a6ef75cc') in 0.006444 seconds
  Import took 0.008303 seconds .

========================================================================
Received Prepare
Registering precompiled user dll's ...
Registered in 0.000547 seconds.
Begin MonoManager ReloadAssembly
Native extension for WindowsStandalone target not found
Native extension for WebGL target not found
Refreshing native plugins compatible for Editor in 0.17 ms, found 0 plugins.
Preloading 0 native plugins for Editor in 0.00 ms.
Invoked RoslynAnalysisRunner static constructor.
RoslynAnalysisRunner will not be running.
RoslynAnalysisRunner has terminated.
Mono: successfully reloaded assembly
- Completed reload, in  0.695 seconds
Platform modules already initialized, skipping
Refreshing native plugins compatible for Editor in 0.17 ms, found 0 plugins.
Preloading 0 native plugins for Editor in 0.00 ms.
Unloading 1095 Unused Serialized files (Serialized files now loaded: 0)
System memory in use before: 59.9 MB.
System memory in use after: 60.0 MB.

Unloading 5 unused Assets to reduce memory usage. Loaded Objects now: 1585.
Total: 1.413700 ms (FindLiveObjects: 0.204600 ms CreateObjectMapping: 0.048700 ms MarkObjects: 1.115300 ms  DeleteObjects: 0.044100 ms)

========================================================================
Received Prepare
Registering precompiled user dll's ...
Registered in 0.000647 seconds.
Begin MonoManager ReloadAssembly
Native extension for WindowsStandalone target not found
Native extension for WebGL target not found
Refreshing native plugins compatible for Editor in 0.24 ms, found 0 plugins.
Preloading 0 native plugins for Editor in 0.00 ms.
Invoked RoslynAnalysisRunner static constructor.
RoslynAnalysisRunner will not be running.
RoslynAnalysisRunner has terminated.
Mono: successfully reloaded assembly
- Completed reload, in  0.624 seconds
Platform modules already initialized, skipping
Refreshing native plugins compatible for Editor in 0.24 ms, found 0 plugins.
Preloading 0 native plugins for Editor in 0.00 ms.
Unloading 1095 Unused Serialized files (Serialized files now loaded: 0)
System memory in use before: 59.9 MB.
System memory in use after: 60.0 MB.

Unloading 5 unused Assets to reduce memory usage. Loaded Objects now: 1587.
Total: 1.451600 ms (FindLiveObjects: 0.136900 ms CreateObjectMapping: 0.038800 ms MarkObjects: 1.231000 ms  DeleteObjects: 0.043800 ms)

========================================================================
Received Import Request.
  Time since last request: 112.002805 seconds.
  path: Assets/Scripts/GPE
  artifactKey: Guid(ef05eb0d7fabe5248a146b67b3f1f750) Importer(815301076,1909f56bfc062723c751e8b465ee728b)
Start importing Assets/Scripts/GPE using Guid(ef05eb0d7fabe5248a146b67b3f1f750) Importer(815301076,1909f56bfc062723c751e8b465ee728b)  -> (artifact id: '3f73437d8d85524a97ee149442b0fd1c') in 0.007385 seconds
  Import took 0.009148 seconds .

========================================================================
Received Import Request.
  Time since last request: 47.708730 seconds.
  path: Assets/MT/MT_Blue.mat
  artifactKey: Guid(fd87c72422c217a4ab46de45a750da17) Importer(815301076,1909f56bfc062723c751e8b465ee728b)
Start importing Assets/MT/MT_Blue.mat using Guid(fd87c72422c217a4ab46de45a750da17) Importer(815301076,1909f56bfc062723c751e8b465ee728b)  -> (artifact id: '4776443aee200b394f319d501092fc48') in 0.064329 seconds
  Import took 0.067003 seconds .

========================================================================
Received Import Request.
  Time since last request: 65.928019 seconds.
  path: Assets/Scripts/GPE/Collectable.cs
  artifactKey: Guid(2156ab7bf35d4d54f8c4b0bc21470c2d) Importer(815301076,1909f56bfc062723c751e8b465ee728b)
Start importing Assets/Scripts/GPE/Collectable.cs using Guid(2156ab7bf35d4d54f8c4b0bc21470c2d) Importer(815301076,1909f56bfc062723c751e8b465ee728b)  -> (artifact id: 'c8222a0a1bbc2f3c6ee8d3dc2d46c6f5') in 0.012289 seconds
  Import took 0.014536 seconds .

========================================================================
Received Prepare
Registering precompiled user dll's ...
Registered in 0.000545 seconds.
Begin MonoManager ReloadAssembly
Native extension for WindowsStandalone target not found
Native extension for WebGL target not found
Refreshing native plugins compatible for Editor in 0.16 ms, found 0 plugins.
Preloading 0 native plugins for Editor in 0.00 ms.
Invoked RoslynAnalysisRunner static constructor.
RoslynAnalysisRunner will not be running.
RoslynAnalysisRunner has terminated.
Mono: successfully reloaded assembly
- Completed reload, in  0.660 seconds
Platform modules already initialized, skipping
Refreshing native plugins compatible for Editor in 0.17 ms, found 0 plugins.
Preloading 0 native plugins for Editor in 0.00 ms.
Unloading 1096 Unused Serialized files (Serialized files now loaded: 0)
System memory in use before: 60.0 MB.
System memory in use after: 60.1 MB.

Unloading 5 unused Assets to reduce memory usage. Loaded Objects now: 1591.
Total: 1.118100 ms (FindLiveObjects: 0.099100 ms CreateObjectMapping: 0.025100 ms MarkObjects: 0.952200 ms  DeleteObjects: 0.041100 ms)

========================================================================
Received Prepare
Registering precompiled user dll's ...
Registered in 0.000537 seconds.
Begin MonoManager ReloadAssembly
Native extension for WindowsStandalone target not found
Native extension for WebGL target not found
Refreshing native plugins compatible for Editor in 0.25 ms, found 0 plugins.
Preloading 0 native plugins for Editor in 0.00 ms.
Invoked RoslynAnalysisRunner static constructor.
RoslynAnalysisRunner will not be running.
RoslynAnalysisRunner has terminated.
Mono: successfully reloaded assembly
- Completed reload, in  0.672 seconds
Platform modules already initialized, skipping
Refreshing native plugins compatible for Editor in 0.17 ms, found 0 plugins.
Preloading 0 native plugins for Editor in 0.00 ms.
Unloading 1096 Unused Serialized files (Serialized files now loaded: 0)
System memory in use before: 60.0 MB.
System memory in use after: 60.1 MB.

Unloading 5 unused Assets to reduce memory usage. Loaded Objects now: 1593.
Total: 1.790300 ms (FindLiveObjects: 0.207000 ms CreateObjectMapping: 0.081500 ms MarkObjects: 1.451800 ms  DeleteObjects: 0.048700 ms)

========================================================================
Received Import Request.
  Time since last request: 497.625152 seconds.
  path: Assets/Scripts/GPE/Collectable.cs
  artifactKey: Guid(2156ab7bf35d4d54f8c4b0bc21470c2d) Importer(815301076,1909f56bfc062723c751e8b465ee728b)
Start importing Assets/Scripts/GPE/Collectable.cs using Guid(2156ab7bf35d4d54f8c4b0bc21470c2d) Importer(815301076,1909f56bfc062723c751e8b465ee728b)  -> (artifact id: '7b0833887050f71ef05f3d3d8847ccbf') in 0.004137 seconds
  Import took 0.005913 seconds .

========================================================================
Received Prepare
Registering precompiled user dll's ...
Registered in 0.000644 seconds.
Begin MonoManager ReloadAssembly
Native extension for WindowsStandalone target not found
Native extension for WebGL target not found
Refreshing native plugins compatible for Editor in 0.17 ms, found 0 plugins.
Preloading 0 native plugins for Editor in 0.00 ms.
Invoked RoslynAnalysisRunner static constructor.
RoslynAnalysisRunner will not be running.
RoslynAnalysisRunner has terminated.
Mono: successfully reloaded assembly
- Completed reload, in  0.672 seconds
Platform modules already initialized, skipping
Refreshing native plugins compatible for Editor in 0.16 ms, found 0 plugins.
Preloading 0 native plugins for Editor in 0.00 ms.
Unloading 1096 Unused Serialized files (Serialized files now loaded: 0)
System memory in use before: 60.0 MB.
System memory in use after: 60.1 MB.

Unloading 5 unused Assets to reduce memory usage. Loaded Objects now: 1595.
Total: 1.288100 ms (FindLiveObjects: 0.108100 ms CreateObjectMapping: 0.027200 ms MarkObjects: 1.110200 ms  DeleteObjects: 0.041700 ms)

========================================================================
Received Prepare
Registering precompiled user dll's ...
Registered in 0.000606 seconds.
Begin MonoManager ReloadAssembly
Native extension for WindowsStandalone target not found
Native extension for WebGL target not found
Refreshing native plugins compatible for Editor in 0.16 ms, found 0 plugins.
Preloading 0 native plugins for Editor in 0.00 ms.
Invoked RoslynAnalysisRunner static constructor.
RoslynAnalysisRunner will not be running.
RoslynAnalysisRunner has terminated.
Mono: successfully reloaded assembly
- Completed reload, in  0.689 seconds
Platform modules already initialized, skipping
Refreshing native plugins compatible for Editor in 0.19 ms, found 0 plugins.
Preloading 0 native plugins for Editor in 0.00 ms.
Unloading 1096 Unused Serialized files (Serialized files now loaded: 0)
System memory in use before: 60.0 MB.
System memory in use after: 60.1 MB.

Unloading 5 unused Assets to reduce memory usage. Loaded Objects now: 1597.
Total: 1.447400 ms (FindLiveObjects: 0.159800 ms CreateObjectMapping: 0.071900 ms MarkObjects: 1.169400 ms  DeleteObjects: 0.045100 ms)

========================================================================
Received Import Request.
  Time since last request: 2469.852750 seconds.
  path: Assets/Scenes
  artifactKey: Guid(f7bcf8da10079e7428a8d1a4b662e749) Importer(815301076,1909f56bfc062723c751e8b465ee728b)
Start importing Assets/Scenes using Guid(f7bcf8da10079e7428a8d1a4b662e749) Importer(815301076,1909f56bfc062723c751e8b465ee728b)  -> (artifact id: '33d8f0419553af1aafe79731ab983bb0') in 0.010947 seconds
  Import took 0.012773 seconds .

========================================================================
Received Import Request.
  Time since last request: 6.933554 seconds.
  path: Assets/Scenes/New SceneTemplate.scenetemplate
  artifactKey: Guid(c87408628044c7843a9ec2882cac28bb) Importer(815301076,1909f56bfc062723c751e8b465ee728b)
Start importing Assets/Scenes/New SceneTemplate.scenetemplate using Guid(c87408628044c7843a9ec2882cac28bb) Importer(815301076,1909f56bfc062723c751e8b465ee728b)  -> (artifact id: '4b2cc34046fe48c52071ff87d9de540f') in 0.027907 seconds
  Import took 0.029905 seconds .

========================================================================
Received Import Request.
  Time since last request: 14.309263 seconds.
  path: Assets/Scenes/Level_1.unity
  artifactKey: Guid(bdbb901d777d50744aeb76676be6e274) Importer(815301076,1909f56bfc062723c751e8b465ee728b)
Start importing Assets/Scenes/Level_1.unity using Guid(bdbb901d777d50744aeb76676be6e274) Importer(815301076,1909f56bfc062723c751e8b465ee728b)  -> (artifact id: '9e62f83f2ed944d58d0f87fb8d2b8806') in 0.008730 seconds
  Import took 0.010694 seconds .

========================================================================
Received Import Request.
  Time since last request: 61.031619 seconds.
  path: Assets/Scenes/SampleScene.unity
  artifactKey: Guid(9fc0d4010bbf28b4594072e72b8655ab) Importer(815301076,1909f56bfc062723c751e8b465ee728b)
Start importing Assets/Scenes/SampleScene.unity using Guid(9fc0d4010bbf28b4594072e72b8655ab) Importer(815301076,1909f56bfc062723c751e8b465ee728b)  -> (artifact id: '1adb351e9007eecd503836e484591d62') in 0.009820 seconds
  Import took 0.011856 seconds .

========================================================================
Received Import Request.
  Time since last request: 18.280030 seconds.
  path: Assets/Scenes/SampleScene.unity
  artifactKey: Guid(9fc0d4010bbf28b4594072e72b8655ab) Importer(815301076,1909f56bfc062723c751e8b465ee728b)
Start importing Assets/Scenes/SampleScene.unity using Guid(9fc0d4010bbf28b4594072e72b8655ab) Importer(815301076,1909f56bfc062723c751e8b465ee728b)  -> (artifact id: '423adf769e1ce5d4a6aea207d8461fc9') in 0.003788 seconds
  Import took 0.005558 seconds .

========================================================================
Received Import Request.
  Time since last request: 15.040611 seconds.
  path: Assets/MeshsCoder
  artifactKey: Guid(7d1edf93225e4dd44a75cb6939d0d540) Importer(815301076,1909f56bfc062723c751e8b465ee728b)
Start importing Assets/MeshsCoder using Guid(7d1edf93225e4dd44a75cb6939d0d540) Importer(815301076,1909f56bfc062723c751e8b465ee728b)  -> (artifact id: '5b3038907d69e05ab4c21312b23eb968') in 0.008092 seconds
  Import took 0.010365 seconds .

========================================================================
Received Import Request.
  Time since last request: 4.406524 seconds.
  path: Assets/MeshsCoder/Player.prefab
  artifactKey: Guid(ce10a1f3c8db25c42abea5824adfe5a3) Importer(815301076,1909f56bfc062723c751e8b465ee728b)
Start importing Assets/MeshsCoder/Player.prefab using Guid(ce10a1f3c8db25c42abea5824adfe5a3) Importer(815301076,1909f56bfc062723c751e8b465ee728b)  -> (artifact id: 'a3bef86e5ec87bf19a16bcc83e0e8bfb') in 0.073482 seconds
  Import took 0.075774 seconds .

========================================================================
Received Import Request.
  Time since last request: 8.460590 seconds.
  path: Assets/MeshsCoder/Money.prefab
  artifactKey: Guid(68e00e5eb44f33547b833225fea80083) Importer(815301076,1909f56bfc062723c751e8b465ee728b)
Start importing Assets/MeshsCoder/Money.prefab using Guid(68e00e5eb44f33547b833225fea80083) Importer(815301076,1909f56bfc062723c751e8b465ee728b)  -> (artifact id: 'b02324bfbfba5ea29bbd947a4f43ea88') in 0.018496 seconds
  Import took 0.020721 seconds .

========================================================================
Received Import Request.
  Time since last request: 0.009849 seconds.
  path: Assets/MeshsCoder/Money.prefab
  artifactKey: Guid(68e00e5eb44f33547b833225fea80083) Importer(815301076,1909f56bfc062723c751e8b465ee728b)
Start importing Assets/MeshsCoder/Money.prefab using Guid(68e00e5eb44f33547b833225fea80083) Importer(815301076,1909f56bfc062723c751e8b465ee728b)  -> (artifact id: 'b02324bfbfba5ea29bbd947a4f43ea88') in 0.007449 seconds
  Import took 0.009468 seconds .

========================================================================
Received Import Request.
  Time since last request: 3.912696 seconds.
  path: Assets/Scenes/Level_1.unity
  artifactKey: Guid(bdbb901d777d50744aeb76676be6e274) Importer(815301076,1909f56bfc062723c751e8b465ee728b)
Start importing Assets/Scenes/Level_1.unity using Guid(bdbb901d777d50744aeb76676be6e274) Importer(815301076,1909f56bfc062723c751e8b465ee728b)  -> (artifact id: '01b0c34ccc855c47b9bbe7f099c6c4fb') in 0.006763 seconds
  Import took 0.008374 seconds .

========================================================================
Received Import Request.
  Time since last request: 47.241535 seconds.
  path: Assets/MT/MT_Blue.mat
  artifactKey: Guid(fd87c72422c217a4ab46de45a750da17) Importer(815301076,1909f56bfc062723c751e8b465ee728b)
Start importing Assets/MT/MT_Blue.mat using Guid(fd87c72422c217a4ab46de45a750da17) Importer(815301076,1909f56bfc062723c751e8b465ee728b)  -> (artifact id: 'e8e2bc2ed4fb0bc3dbc4ccb05c312acb') in 0.028333 seconds
  Import took 0.030125 seconds .

========================================================================
Received Import Request.
  Time since last request: 0.000145 seconds.
  path: Assets/MT/MT_Green.mat
  artifactKey: Guid(86148a275c28f0e4dae63229e68972da) Importer(815301076,1909f56bfc062723c751e8b465ee728b)
Start importing Assets/MT/MT_Green.mat using Guid(86148a275c28f0e4dae63229e68972da) Importer(815301076,1909f56bfc062723c751e8b465ee728b)  -> (artifact id: 'f83a952671c7239cb61a10447172c681') in 0.016155 seconds
  Import took 0.018052 seconds .

========================================================================
Received Import Request.
  Time since last request: 7.424988 seconds.
  path: Assets/MT/MT_Yellow.mat
  artifactKey: Guid(911f57396c164f6428ce432f40e21dbe) Importer(815301076,1909f56bfc062723c751e8b465ee728b)
Start importing Assets/MT/MT_Yellow.mat using Guid(911f57396c164f6428ce432f40e21dbe) Importer(815301076,1909f56bfc062723c751e8b465ee728b)  -> (artifact id: '909aca9c14b3610406ac8bbacf36fef6') in 0.016903 seconds
  Import took 0.018983 seconds .

========================================================================
Received Import Request.
  Time since last request: 11.589900 seconds.
  path: Assets/MT/MT_Orange.mat
  artifactKey: Guid(b22045528f343424ea4e66ff16392963) Importer(815301076,1909f56bfc062723c751e8b465ee728b)
Start importing Assets/MT/MT_Orange.mat using Guid(b22045528f343424ea4e66ff16392963) Importer(815301076,1909f56bfc062723c751e8b465ee728b)  -> (artifact id: '7b8172a7ce2b8d1f0f8e64505f96296b') in 0.017931 seconds
  Import took 0.020116 seconds .

========================================================================
Received Prepare
Registering precompiled user dll's ...
Registered in 0.000698 seconds.
Begin MonoManager ReloadAssembly
Native extension for WindowsStandalone target not found
Native extension for WebGL target not found
Refreshing native plugins compatible for Editor in 0.17 ms, found 0 plugins.
Preloading 0 native plugins for Editor in 0.00 ms.
Invoked RoslynAnalysisRunner static constructor.
RoslynAnalysisRunner will not be running.
RoslynAnalysisRunner has terminated.
Mono: successfully reloaded assembly
- Completed reload, in  0.743 seconds
Platform modules already initialized, skipping
Refreshing native plugins compatible for Editor in 0.17 ms, found 0 plugins.
Preloading 0 native plugins for Editor in 0.00 ms.
Unloading 1096 Unused Serialized files (Serialized files now loaded: 0)
System memory in use before: 60.1 MB.
System memory in use after: 60.2 MB.

Unloading 5 unused Assets to reduce memory usage. Loaded Objects now: 1602.
Total: 1.346400 ms (FindLiveObjects: 0.158800 ms CreateObjectMapping: 0.032700 ms MarkObjects: 1.110600 ms  DeleteObjects: 0.043100 ms)

========================================================================
Received Prepare
Registering precompiled user dll's ...
Registered in 0.000681 seconds.
Begin MonoManager ReloadAssembly
Native extension for WindowsStandalone target not found
Native extension for WebGL target not found
Refreshing native plugins compatible for Editor in 0.16 ms, found 0 plugins.
Preloading 0 native plugins for Editor in 0.00 ms.
Invoked RoslynAnalysisRunner static constructor.
RoslynAnalysisRunner will not be running.
RoslynAnalysisRunner has terminated.
Mono: successfully reloaded assembly
- Completed reload, in  0.738 seconds
Platform modules already initialized, skipping
Refreshing native plugins compatible for Editor in 0.19 ms, found 0 plugins.
Preloading 0 native plugins for Editor in 0.00 ms.
Unloading 1096 Unused Serialized files (Serialized files now loaded: 0)
System memory in use before: 60.1 MB.
System memory in use after: 60.2 MB.

Unloading 5 unused Assets to reduce memory usage. Loaded Objects now: 1604.
Total: 1.623300 ms (FindLiveObjects: 0.242300 ms CreateObjectMapping: 0.076700 ms MarkObjects: 1.257200 ms  DeleteObjects: 0.045900 ms)

========================================================================
Received Import Request.
  Time since last request: 310.477943 seconds.
  path: Assets/MT/MT_Orange.mat
  artifactKey: Guid(b22045528f343424ea4e66ff16392963) Importer(815301076,1909f56bfc062723c751e8b465ee728b)
Start importing Assets/MT/MT_Orange.mat using Guid(b22045528f343424ea4e66ff16392963) Importer(815301076,1909f56bfc062723c751e8b465ee728b)  -> (artifact id: '60d5dcc2d2321c1f20611b9096d8bcb7') in 0.063681 seconds
  Import took 0.065546 seconds .

========================================================================
Received Import Request.
  Time since last request: 0.000181 seconds.
  path: Assets/MT/MT_Yellow.mat
  artifactKey: Guid(911f57396c164f6428ce432f40e21dbe) Importer(815301076,1909f56bfc062723c751e8b465ee728b)
Start importing Assets/MT/MT_Yellow.mat using Guid(911f57396c164f6428ce432f40e21dbe) Importer(815301076,1909f56bfc062723c751e8b465ee728b)  -> (artifact id: '62630c291f7c20166c7f98d55da323b7') in 0.013539 seconds
  Import took 0.015969 seconds .

AssetImportWorkerClient::OnTransportError - code=2 error=End of file
